\BOOKMARK [1][-]{section.1}{\376\377\000I\000n\000t\000r\000o\000d\000u\000c\000t\000i\000o\000n}{}% 1
\BOOKMARK [2][-]{subsection.1.1}{\376\377\000P\000o\000s\000t\000\040\000q\000u\000a\000n\000t\000u\000m\000\040\000t\000r\000a\000n\000s\000i\000t\000i\000o\000n}{section.1}% 2
\BOOKMARK [2][-]{subsection.1.2}{\376\377\000O\000v\000e\000r\000v\000i\000e\000w}{section.1}% 3
\BOOKMARK [1][-]{section.2}{\376\377\000E\000U\000r\000o\000p\000e\000a\000n\000\040\000D\000i\000g\000i\000t\000a\000l\000\040\000I\000d\000e\000n\000t\000i\000t\000y\000\040\000W\000a\000l\000l\000e\000t}{}% 4
\BOOKMARK [2][-]{subsection.2.1}{\376\377\000C\000r\000y\000p\000t\000o\000g\000r\000a\000p\000h\000i\000c\000\040\000f\000o\000u\000n\000d\000a\000t\000i\000o\000n\000s}{section.2}% 5
\BOOKMARK [2][-]{subsection.2.2}{\376\377\000F\000u\000n\000c\000t\000i\000o\000n\000a\000l\000i\000t\000i\000e\000s}{section.2}% 6
\BOOKMARK [3][-]{subsubsection.2.2.1}{\376\377\000I\000d\000e\000n\000t\000i\000f\000i\000c\000a\000t\000i\000o\000n\000\040\000a\000n\000d\000\040\000a\000u\000t\000h\000e\000n\000t\000i\000c\000a\000t\000i\000o\000n}{subsection.2.2}% 7
\BOOKMARK [3][-]{subsubsection.2.2.2}{\376\377\000E\000x\000c\000h\000a\000n\000g\000i\000n\000g\000\040\000u\000s\000e\000r\000\040\000a\000t\000t\000r\000i\000b\000u\000t\000e\000s}{subsection.2.2}% 8
\BOOKMARK [3][-]{subsubsection.2.2.3}{\376\377\000Q\000u\000a\000l\000i\000f\000i\000e\000d\000\040\000e\000l\000e\000c\000t\000r\000o\000n\000i\000c\000\040\000s\000i\000g\000n\000a\000t\000u\000r\000e\000s\000\040\000\050\000Q\000E\000S\000\051}{subsection.2.2}% 9
\BOOKMARK [3][-]{subsubsection.2.2.4}{\376\377\000P\000s\000e\000u\000d\000o\000n\000y\000m\000s}{subsection.2.2}% 10
\BOOKMARK [3][-]{subsubsection.2.2.5}{\376\377\000P\000a\000y\000m\000e\000n\000t\000s}{subsection.2.2}% 11
\BOOKMARK [2][-]{subsection.2.3}{\376\377\000R\000o\000l\000e\000s}{section.2}% 12
\BOOKMARK [2][-]{subsection.2.4}{\376\377\000Z\000e\000r\000o\000-\000k\000n\000o\000w\000l\000e\000d\000g\000e\000\040\000p\000r\000o\000o\000f\000s\000\040\000i\000n\000\040\000t\000h\000e\000\040\000A\000R\000F}{section.2}% 13
\BOOKMARK [2][-]{subsection.2.5}{\376\377\000V\000u\000l\000n\000e\000r\000a\000b\000i\000l\000i\000t\000i\000e\000s}{section.2}% 14
\BOOKMARK [1][-]{section.3}{\376\377\000L\000i\000t\000e\000r\000a\000t\000u\000r\000e\000\040\000o\000v\000e\000r\000v\000i\000e\000w}{}% 15
\BOOKMARK [2][-]{subsection.3.1}{\376\377\000A\000n\000o\000n\000y\000m\000o\000u\000s\000\040\000C\000r\000e\000d\000e\000n\000t\000i\000a\000l\000s\000\040\000f\000r\000o\000m\000\040\000E\000C\000D\000S\000A}{section.3}% 16
\BOOKMARK [2][-]{subsection.3.2}{\376\377\000C\000o\000n\000t\000r\000o\000l\000\040\000i\000s\000\040\000N\000o\000t\000h\000i\000n\000g\000\040\000W\000i\000t\000h\000o\000u\000t\000\040\000T\000r\000u\000s\000t\000\040\000a\000\040\000F\000i\000r\000s\000t\000\040\000L\000o\000o\000k\000\040\000i\000n\000t\000o\000\040\000D\000i\000g\000i\000t\000a\000l\000\040\000I\000d\000e\000n\000t\000i\000t\000y\000\040\000W\000a\000l\000l\000e\000t\000\040\000T\000r\000e\000n\000d\000s}{section.3}% 17
\BOOKMARK [2][-]{subsection.3.3}{\376\377\000A\000\040\000B\000r\000i\000e\000f\000\040\000N\000o\000t\000e\000\040\000o\000n\000\040\000C\000r\000y\000p\000t\000o\000g\000r\000a\000p\000h\000i\000c\000\040\000P\000s\000e\000u\000d\000o\000n\000y\000m\000s\000\040\000f\000o\000r\000\040\000A\000n\000o\000n\000y\000m\000o\000u\000s\000\040\000C\000r\000e\000d\000e\000n\000t\000i\000a\000l\000s}{section.3}% 18
\BOOKMARK [2][-]{subsection.3.4}{\376\377\000D\000e\000v\000i\000c\000e\000-\000B\000o\000u\000n\000d\000\040\000A\000n\000o\000n\000y\000m\000o\000u\000s\000\040\000C\000r\000e\000d\000e\000n\000t\000i\000a\000l\000s\000\040\000W\000i\000t\000h\000\050\000o\000u\000t\000\051\000\040\000T\000r\000u\000s\000t\000e\000d\000\040\000H\000a\000r\000d\000w\000a\000r\000e}{section.3}% 19
\BOOKMARK [2][-]{subsection.3.5}{\376\377\000N\000a\000v\000i\000g\000a\000t\000i\000n\000g\000\040\000s\000e\000c\000u\000r\000e\000\040\000s\000t\000o\000r\000a\000g\000e\000\040\000r\000e\000q\000u\000i\000r\000e\000m\000e\000n\000t\000s\000\040\000f\000o\000r\000\040\000E\000U\000D\000I\000\040\000W\000a\000l\000l\000e\000t\000s\000:\000\040\000a\000\040\000r\000e\000v\000i\000e\000w\000\040\000p\000a\000p\000e\000r}{section.3}% 20
\BOOKMARK [2][-]{subsection.3.6}{\376\377\000P\000r\000i\000v\000a\000c\000y\000\040\000E\000v\000a\000l\000u\000a\000t\000i\000o\000n\000\040\000o\000f\000\040\000t\000h\000e\000\040\000E\000u\000r\000o\000p\000e\000a\000n\000\040\000D\000i\000g\000i\000t\000a\000l\000\040\000I\000d\000e\000n\000t\000i\000t\000y\000\040\000W\000a\000l\000l\000e\000t\040\031\000s\000\040\000A\000r\000c\000h\000i\000t\000e\000c\000t\000u\000r\000e\000\040\000a\000n\000d\000\040\000R\000e\000f\000e\000r\000e\000n\000c\000e\000\040\000F\000r\000a\000m\000e\000w\000o\000r\000k}{section.3}% 21
\BOOKMARK [2][-]{subsection.3.7}{\376\377\000P\000r\000o\000t\000e\000c\000t\000i\000n\000g\000\040\000D\000i\000g\000i\000t\000a\000l\000\040\000I\000d\000e\000n\000t\000i\000t\000y\000\040\000W\000a\000l\000l\000e\000t\000:\000\040\000A\000\040\000T\000h\000r\000e\000a\000t\000\040\000M\000o\000d\000e\000l\000\040\000i\000n\000\040\000t\000h\000e\000\040\000A\000g\000e\000\040\000o\000f\000\040\000e\000I\000D\000A\000S\000\040\0002\000.\0000}{section.3}% 22
\BOOKMARK [2][-]{subsection.3.8}{\376\377\000S\000o\000K\000:\000\040\000A\000n\000o\000n\000y\000m\000o\000u\000s\000\040\000C\000r\000e\000d\000e\000n\000t\000i\000a\000l\000s\000\040\000f\000o\000r\000\040\000D\000i\000g\000i\000t\000a\000l\000\040\000I\000d\000e\000n\000t\000i\000t\000y\000\040\000W\000a\000l\000l\000e\000t\000s}{section.3}% 23
\BOOKMARK [2][-]{subsection.3.9}{\376\377\000V\000i\000s\000i\000o\000n\000:\000\040\000A\000\040\000M\000o\000d\000u\000l\000a\000r\000\040\000F\000r\000a\000m\000e\000w\000o\000r\000k\000\040\000f\000o\000r\000\040\000A\000n\000o\000n\000y\000m\000o\000u\000s\000\040\000C\000r\000e\000d\000e\000n\000t\000i\000a\000l\000\040\000S\000y\000s\000t\000e\000m\000s}{section.3}% 24
\BOOKMARK [1][-]{section.4}{\376\377\000O\000u\000r\000\040\000s\000o\000l\000u\000t\000i\000o\000n}{}% 25
\BOOKMARK [2][-]{subsection.4.1}{\376\377\000D\000e\000s\000i\000g\000n\000\040\000c\000h\000o\000i\000c\000e\000s}{section.4}% 26
\BOOKMARK [1][-]{section.5}{\376\377\000I\000m\000p\000l\000e\000m\000e\000n\000t\000a\000t\000i\000o\000n}{}% 27
\BOOKMARK [2][-]{subsection.5.1}{\376\377\000A\000n\000a\000l\000y\000s\000i\000s}{section.5}% 28
\BOOKMARK [3][-]{subsubsection.5.1.1}{\376\377\000S\000e\000c\000u\000r\000i\000t\000y\000\040\000a\000n\000a\000l\000y\000s\000i\000s}{subsection.5.1}% 29
\BOOKMARK [3][-]{subsubsection.5.1.2}{\376\377\000C\000o\000m\000p\000l\000i\000a\000n\000c\000e\000\040\000w\000i\000t\000h\000\040\000e\000I\000D\000A\000S\000\040\0002\000.\0000\000\040\000a\000n\000d\000\040\000L\000o\000A\000\040\000H\000i\000g\000h}{subsection.5.1}% 30
\BOOKMARK [3][-]{subsubsection.5.1.3}{\376\377\000T\000h\000r\000e\000a\000t\000\040\000M\000o\000d\000e\000l}{subsection.5.1}% 31
\BOOKMARK [1][-]{section.6}{\376\377\000R\000e\000s\000u\000l\000t\000s}{}% 32
\BOOKMARK [1][-]{section.7}{\376\377\000F\000u\000t\000u\000r\000e\000\040\000w\000o\000r\000k}{}% 33
\BOOKMARK [1][-]{section.8}{\376\377\000C\000o\000n\000c\000l\000u\000s\000i\000o\000n}{}% 34
